Thu 21 Mar 2024 02:09:08 PM UTC: 
 tests:  0|5
total_score: 0/70
eef6215
Thu 21 Mar 2024 02:11:14 PM UTC: 
 exercises.c | 7 +++++++
 1 file changed, 7 insertions(+)
In file included from test.c:5:
exercises.c: In function ‘crea_lista’:
exercises.c:51:8: error: implicit declaration of function ‘push_back’; did you mean ‘pushBack’? [-Werror=implicit-function-declaration]
   51 |        push_back(L, elemento);
      |        ^~~~~~~~~
      |        pushBack
cc1: all warnings being treated as errors
Compilation failed
2c07196
Thu 21 Mar 2024 02:11:42 PM UTC: 
 exercises.c | 2 +-
 1 file changed, 1 insertion(+), 1 deletion(-)
In file included from test.c:5:
exercises.c: In function ‘crea_lista’:
exercises.c:51:10: error: called object ‘elemento’ is not a function or function pointer
   51 |          elemento(L, elemento);
      |          ^~~~~~~~
exercises.c:49:13: note: declared here
   49 |        int* elemento = (int*)malloc(sizeof(int));
      |             ^~~~~~~~
Compilation failed
f41f3e2
Thu 21 Mar 2024 02:12:16 PM UTC: 
 exercises.c | 2 +-
 1 file changed, 1 insertion(+), 1 deletion(-)
 tests:  1|4
total_score: 10/70
05aa66d
Thu 21 Mar 2024 02:13:23 PM UTC: 
 exercises.c | 10 +++++++++-
 1 file changed, 9 insertions(+), 1 deletion(-)
 tests:  2|3
total_score: 20/70
7aa0676
Thu 21 Mar 2024 02:17:34 PM UTC: 
 exercises.c | 20 ++++++++++++++++++--
 1 file changed, 18 insertions(+), 2 deletions(-)
 tests:  3|2
total_score: 40/70
9cd3d26
Thu 21 Mar 2024 02:19:22 PM UTC: 
 exercises.c | 16 ++++++++++++++--
 1 file changed, 14 insertions(+), 2 deletions(-)
 tests:  4|1
total_score: 50/70
07c80eb
Fri 22 Mar 2024 06:03:44 PM UTC: 
 exercises.c | 30 +++++++++++++++++++++++++++++-
 1 file changed, 29 insertions(+), 1 deletion(-)
In file included from test.c:5:
exercises.c: In function ‘parentesisBalanceados’:
exercises.c:135:29: error: expected expression before ‘||’ token
  135 |       if (cadena[i] == '(') || (cadena[i] == '[') || (cadena[i] == '{'))
      |                             ^~
exercises.c:135:7: error: this ‘if’ clause does not guard... [-Werror=misleading-indentation]
  135 |       if (cadena[i] == '(') || (cadena[i] == '[') || (cadena[i] == '{'))
      |       ^~
exercises.c:135:72: note: ...this statement, but the latter is misleadingly indented as if it were guarded by the ‘if’
  135 |       if (cadena[i] == '(') || (cadena[i] == '[') || (cadena[i] == '{'))
      |                                                                        ^
exercises.c:135:72: error: expected statement before ‘)’ token
exercises.c:139:7: error: ‘else’ without a previous ‘if’
  139 |       else
      |       ^~~~
exercises.c:141:31: error: expected expression before ‘||’ token
  141 |         if (cadena[i] == ')') || (cadena[i] == ']') || (cadena[i] == '}'))
      |                               ^~
exercises.c:141:9: error: this ‘if’ clause does not guard... [-Werror=misleading-indentation]
  141 |         if (cadena[i] == ')') || (cadena[i] == ']') || (cadena[i] == '}'))
      |         ^~
exercises.c:141:74: note: ...this statement, but the latter is misleadingly indented as if it were guarded by the ‘if’
  141 |         if (cadena[i] == ')') || (cadena[i] == ']') || (cadena[i] == '}'))
      |                                                                          ^
exercises.c:141:74: error: expected statement before ‘)’ token
exercises.c:149:18: error: comparison between pointer and integer [-Werror]
  149 |         if (dato == '(' && cadena[i] == ')') ||
      |                  ^~
exercises.c:149:46: error: expected expression before ‘||’ token
  149 |         if (dato == '(' && cadena[i] == ')') ||
      |                                              ^~
exercises.c:151:45: error: expected statement before ‘)’ token
  151 |            (dato == '{' && cadena[i] == '}'))
      |                                             ^
exercises.c:155:9: error: ‘else’ without a previous ‘if’
  155 |         else
      |         ^~~~
exercises.c:161:1: error: control reaches end of non-void function [-Werror=return-type]
  161 | }
      | ^
cc1: all warnings being treated as errors
Compilation failed
2244cda
Fri 22 Mar 2024 06:06:03 PM UTC: 
 exercises.c | 4 +---
 1 file changed, 1 insertion(+), 3 deletions(-)
In file included from test.c:5:
exercises.c: In function ‘parentesisBalanceados’:
exercises.c:135:29: error: expected expression before ‘||’ token
  135 |       if (cadena[i] == '(') || (cadena[i] == '[') || (cadena[i] == '{'))
      |                             ^~
exercises.c:135:7: error: this ‘if’ clause does not guard... [-Werror=misleading-indentation]
  135 |       if (cadena[i] == '(') || (cadena[i] == '[') || (cadena[i] == '{'))
      |       ^~
exercises.c:135:72: note: ...this statement, but the latter is misleadingly indented as if it were guarded by the ‘if’
  135 |       if (cadena[i] == '(') || (cadena[i] == '[') || (cadena[i] == '{'))
      |                                                                        ^
exercises.c:135:72: error: expected statement before ‘)’ token
exercises.c:139:7: error: ‘else’ without a previous ‘if’
  139 |       else
      |       ^~~~
exercises.c:141:31: error: expected expression before ‘||’ token
  141 |         if (cadena[i] == ')') || (cadena[i] == ']') || (cadena[i] == '}'))
      |                               ^~
exercises.c:141:9: error: this ‘if’ clause does not guard... [-Werror=misleading-indentation]
  141 |         if (cadena[i] == ')') || (cadena[i] == ']') || (cadena[i] == '}'))
      |         ^~
exercises.c:141:74: note: ...this statement, but the latter is misleadingly indented as if it were guarded by the ‘if’
  141 |         if (cadena[i] == ')') || (cadena[i] == ']') || (cadena[i] == '}'))
      |                                                                          ^
exercises.c:141:74: error: expected statement before ‘)’ token
exercises.c:149:18: error: comparison between pointer and integer [-Werror]
  149 |         if (dato == '(' && cadena[i] == ')') || (dato == '[' && cadena[i] == ']') || (dato == '{' && cadena[i] == '}'))
      |                  ^~
exercises.c:149:46: error: expected expression before ‘||’ token
  149 |         if (dato == '(' && cadena[i] == ')') || (dato == '[' && cadena[i] == ']') || (dato == '{' && cadena[i] == '}'))
      |                                              ^~
exercises.c:149:9: error: this ‘if’ clause does not guard... [-Werror=misleading-indentation]
  149 |         if (dato == '(' && cadena[i] == ')') || (dato == '[' && cadena[i] == ']') || (dato == '{' && cadena[i] == '}'))
      |         ^~
exercises.c:149:119: note: ...this statement, but the latter is misleadingly indented as if it were guarded by the ‘if’
  149 |         if (dato == '(' && cadena[i] == ')') || (dato == '[' && cadena[i] == ']') || (dato == '{' && cadena[i] == '}'))
      |                                                                                                                       ^
exercises.c:149:119: error: expected statement before ‘)’ token
exercises.c:153:9: error: ‘else’ without a previous ‘if’
  153 |         else
      |         ^~~~
exercises.c:159:1: error: control reaches end of non-void function [-Werror=return-type]
  159 | }
      | ^
cc1: all warnings being treated as errors
Compilation failed
0b271b5
Fri 22 Mar 2024 06:09:26 PM UTC: 
 exercises.c | 21 +--------------------
 1 file changed, 1 insertion(+), 20 deletions(-)
In file included from test.c:5:
exercises.c: In function ‘parentesisBalanceados’:
exercises.c:135:28: error: expected expression before ‘||’ token
  135 |       if(cadena[i] == '(') || (cadena[i] == '[') || (cadena[i] == '{'))
      |                            ^~
exercises.c:135:7: error: this ‘if’ clause does not guard... [-Werror=misleading-indentation]
  135 |       if(cadena[i] == '(') || (cadena[i] == '[') || (cadena[i] == '{'))
      |       ^~
exercises.c:135:71: note: ...this statement, but the latter is misleadingly indented as if it were guarded by the ‘if’
  135 |       if(cadena[i] == '(') || (cadena[i] == '[') || (cadena[i] == '{'))
      |                                                                       ^
exercises.c:135:71: error: expected statement before ‘)’ token
exercises.c:137:28: error: passing argument 2 of ‘push’ makes pointer from integer without a cast [-Werror=int-conversion]
  137 |           push(pila, cadena[i]);
      |                      ~~~~~~^~~
      |                            |
      |                            char
In file included from exercises.c:7,
                 from test.c:5:
stack.h:11:31: note: expected ‘void *’ but argument is of type ‘char’
   11 | void push(Stack *stack, void *data) { pushFront(stack, data); }
      |                         ~~~~~~^~~~
In file included from test.c:5:
exercises.c:140:1: error: control reaches end of non-void function [-Werror=return-type]
  140 | }
      | ^
cc1: all warnings being treated as errors
Compilation failed
1451bd5
Fri 22 Mar 2024 06:15:32 PM UTC: 
 exercises.c | 22 +++++++++++++++++++++-
 1 file changed, 21 insertions(+), 1 deletion(-)
In file included from test.c:5:
exercises.c: In function ‘parentesisBalanceados’:
exercises.c:135:26: error: expected expression before ‘||’ token
  135 |     if(cadena[i] == '(') || (cadena[i] == '[') || (cadena[i] == '{'))
      |                          ^~
exercises.c:135:5: error: this ‘if’ clause does not guard... [-Werror=misleading-indentation]
  135 |     if(cadena[i] == '(') || (cadena[i] == '[') || (cadena[i] == '{'))
      |     ^~
exercises.c:135:69: note: ...this statement, but the latter is misleadingly indented as if it were guarded by the ‘if’
  135 |     if(cadena[i] == '(') || (cadena[i] == '[') || (cadena[i] == '{'))
      |                                                                     ^
exercises.c:135:69: error: expected statement before ‘)’ token
exercises.c:139:5: error: ‘else’ without a previous ‘if’
  139 |     else
      |     ^~~~
exercises.c:141:29: error: expected expression before ‘||’ token
  141 |       if (cadena[i] == ')') || (cadena[i] == ']') || (cadena[i] == '}'))
      |                             ^~
exercises.c:141:7: error: this ‘if’ clause does not guard... [-Werror=misleading-indentation]
  141 |       if (cadena[i] == ')') || (cadena[i] == ']') || (cadena[i] == '}'))
      |       ^~
exercises.c:141:72: note: ...this statement, but the latter is misleadingly indented as if it were guarded by the ‘if’
  141 |       if (cadena[i] == ')') || (cadena[i] == ']') || (cadena[i] == '}'))
      |                                                                        ^
exercises.c:141:72: error: expected statement before ‘)’ token
exercises.c:143:31: error: expected statement before ‘)’ token
  143 |         if (top(pila) == NULL))
      |                               ^
exercises.c:160:1: error: control reaches end of non-void function [-Werror=return-type]
  160 | }
      | ^
cc1: all warnings being treated as errors
Compilation failed
d9a38ff
Fri 22 Mar 2024 06:15:48 PM UTC: 
 exercises.c | 2 +-
 1 file changed, 1 insertion(+), 1 deletion(-)
In file included from test.c:5:
exercises.c: In function ‘parentesisBalanceados’:
exercises.c:135:26: error: expected expression before ‘||’ token
  135 |     if(cadena[i] == '(') || (cadena[i] == '[') || (cadena[i] == '{'))
      |                          ^~
exercises.c:135:5: error: this ‘if’ clause does not guard... [-Werror=misleading-indentation]
  135 |     if(cadena[i] == '(') || (cadena[i] == '[') || (cadena[i] == '{'))
      |     ^~
exercises.c:135:69: note: ...this statement, but the latter is misleadingly indented as if it were guarded by the ‘if’
  135 |     if(cadena[i] == '(') || (cadena[i] == '[') || (cadena[i] == '{'))
      |                                                                     ^
exercises.c:135:69: error: expected statement before ‘)’ token
exercises.c:139:5: error: ‘else’ without a previous ‘if’
  139 |     else
      |     ^~~~
exercises.c:141:29: error: expected expression before ‘||’ token
  141 |       if (cadena[i] == ')') || (cadena[i] == ']') || (cadena[i] == '}'))
      |                             ^~
exercises.c:141:7: error: this ‘if’ clause does not guard... [-Werror=misleading-indentation]
  141 |       if (cadena[i] == ')') || (cadena[i] == ']') || (cadena[i] == '}'))
      |       ^~
exercises.c:141:72: note: ...this statement, but the latter is misleadingly indented as if it were guarded by the ‘if’
  141 |       if (cadena[i] == ')') || (cadena[i] == ']') || (cadena[i] == '}'))
      |                                                                        ^
exercises.c:141:72: error: expected statement before ‘)’ token
exercises.c:160:1: error: control reaches end of non-void function [-Werror=return-type]
  160 | }
      | ^
cc1: all warnings being treated as errors
Compilation failed
8b1d755
Fri 22 Mar 2024 06:17:14 PM UTC: 
 exercises.c | 4 ++--
 1 file changed, 2 insertions(+), 2 deletions(-)
In file included from test.c:5:
exercises.c: In function ‘parentesisBalanceados’:
exercises.c:135:26: error: expected expression before ‘||’ token
  135 |     if(cadena[i] == '(') || (cadena[i] == '[') || (cadena[i] == '{'))
      |                          ^~
exercises.c:135:5: error: this ‘if’ clause does not guard... [-Werror=misleading-indentation]
  135 |     if(cadena[i] == '(') || (cadena[i] == '[') || (cadena[i] == '{'))
      |     ^~
exercises.c:135:69: note: ...this statement, but the latter is misleadingly indented as if it were guarded by the ‘if’
  135 |     if(cadena[i] == '(') || (cadena[i] == '[') || (cadena[i] == '{'))
      |                                                                     ^
exercises.c:135:69: error: expected statement before ‘)’ token
exercises.c:139:5: error: ‘else’ without a previous ‘if’
  139 |     else
      |     ^~~~
exercises.c:141:29: error: expected expression before ‘||’ token
  141 |       if (cadena[i] == ')') || (cadena[i] == ']') || (cadena[i] == '}'))
      |                             ^~
exercises.c:141:7: error: this ‘if’ clause does not guard... [-Werror=misleading-indentation]
  141 |       if (cadena[i] == ')') || (cadena[i] == ']') || (cadena[i] == '}'))
      |       ^~
exercises.c:141:72: note: ...this statement, but the latter is misleadingly indented as if it were guarded by the ‘if’
  141 |       if (cadena[i] == ')') || (cadena[i] == ']') || (cadena[i] == '}'))
      |                                                                        ^
exercises.c:141:72: error: expected statement before ‘)’ token
exercises.c:160:1: error: control reaches end of non-void function [-Werror=return-type]
  160 | }
      | ^
cc1: all warnings being treated as errors
Compilation failed
ad8bd63
Fri 22 Mar 2024 07:01:22 PM UTC: 
 exercises.c | 1 +
 1 file changed, 1 insertion(+)
In file included from test.c:5:
exercises.c: In function ‘parentesisBalanceados’:
exercises.c:135:26: error: expected expression before ‘||’ token
  135 |     if(cadena[i] == '(') || (cadena[i] == '[') || (cadena[i] == '{'))
      |                          ^~
exercises.c:135:5: error: this ‘if’ clause does not guard... [-Werror=misleading-indentation]
  135 |     if(cadena[i] == '(') || (cadena[i] == '[') || (cadena[i] == '{'))
      |     ^~
exercises.c:135:69: note: ...this statement, but the latter is misleadingly indented as if it were guarded by the ‘if’
  135 |     if(cadena[i] == '(') || (cadena[i] == '[') || (cadena[i] == '{'))
      |                                                                     ^
exercises.c:135:69: error: expected statement before ‘)’ token
exercises.c:139:5: error: ‘else’ without a previous ‘if’
  139 |     else
      |     ^~~~
exercises.c:141:29: error: expected expression before ‘||’ token
  141 |       if (cadena[i] == ')') || (cadena[i] == ']') || (cadena[i] == '}'))
      |                             ^~
exercises.c:141:7: error: this ‘if’ clause does not guard... [-Werror=misleading-indentation]
  141 |       if (cadena[i] == ')') || (cadena[i] == ']') || (cadena[i] == '}'))
      |       ^~
exercises.c:141:72: note: ...this statement, but the latter is misleadingly indented as if it were guarded by the ‘if’
  141 |       if (cadena[i] == ')') || (cadena[i] == ']') || (cadena[i] == '}'))
      |                                                                        ^
exercises.c:141:72: error: expected statement before ‘)’ token
cc1: all warnings being treated as errors
Compilation failed
8e2e73d
Fri 22 Mar 2024 07:01:39 PM UTC: 
 exercises.c | 2 +-
 1 file changed, 1 insertion(+), 1 deletion(-)
In file included from test.c:5:
exercises.c: In function ‘parentesisBalanceados’:
exercises.c:135:26: error: expected expression before ‘||’ token
  135 |     if(cadena[i] == '(') || (cadena[i] == '[') || (cadena[i] == '{'))
      |                          ^~
exercises.c:135:5: error: this ‘if’ clause does not guard... [-Werror=misleading-indentation]
  135 |     if(cadena[i] == '(') || (cadena[i] == '[') || (cadena[i] == '{'))
      |     ^~
exercises.c:135:69: note: ...this statement, but the latter is misleadingly indented as if it were guarded by the ‘if’
  135 |     if(cadena[i] == '(') || (cadena[i] == '[') || (cadena[i] == '{'))
      |                                                                     ^
exercises.c:135:69: error: expected statement before ‘)’ token
exercises.c:139:5: error: ‘else’ without a previous ‘if’
  139 |     else
      |     ^~~~
exercises.c:141:29: error: expected expression before ‘||’ token
  141 |       if (cadena[i] == ')') || (cadena[i] == ']') || (cadena[i] == '}'))
      |                             ^~
exercises.c:141:7: error: this ‘if’ clause does not guard... [-Werror=misleading-indentation]
  141 |       if (cadena[i] == ')') || (cadena[i] == ']') || (cadena[i] == '}'))
      |       ^~
exercises.c:141:72: note: ...this statement, but the latter is misleadingly indented as if it were guarded by the ‘if’
  141 |       if (cadena[i] == ')') || (cadena[i] == ']') || (cadena[i] == '}'))
      |                                                                        ^
exercises.c:141:72: error: expected statement before ‘)’ token
exercises.c:161:1: error: control reaches end of non-void function [-Werror=return-type]
  161 | }
      | ^
cc1: all warnings being treated as errors
Compilation failed
69f253a
Fri 22 Mar 2024 07:11:50 PM UTC: 
 exercises.c | 28 +++++++++-------------------
 1 file changed, 9 insertions(+), 19 deletions(-)
In file included from test.c:5:
exercises.c: In function ‘parentesisBalanceados’:
exercises.c:134:27: error: expected expression before ‘||’ token
  134 |     if (cadena[i] == '(') || (cadena[i] == '[') || (cadena[i] == '{')){
      |                           ^~
exercises.c:134:5: error: this ‘if’ clause does not guard... [-Werror=misleading-indentation]
  134 |     if (cadena[i] == '(') || (cadena[i] == '[') || (cadena[i] == '{')){
      |     ^~
exercises.c:134:70: note: ...this statement, but the latter is misleadingly indented as if it were guarded by the ‘if’
  134 |     if (cadena[i] == '(') || (cadena[i] == '[') || (cadena[i] == '{')){
      |                                                                      ^
exercises.c:134:70: error: expected statement before ‘)’ token
exercises.c:136:7: error: ‘else’ without a previous ‘if’
  136 |     } else if (cadena[i] == ')') || (cadena[i] == ']') || (cadena[i] == '}')){
      |       ^~~~
exercises.c:136:34: error: expected expression before ‘||’ token
  136 |     } else if (cadena[i] == ')') || (cadena[i] == ']') || (cadena[i] == '}')){
      |                                  ^~
exercises.c:136:77: error: expected statement before ‘)’ token
  136 |     } else if (cadena[i] == ')') || (cadena[i] == ']') || (cadena[i] == '}')){
      |                                                                             ^
exercises.c:141:54: error: expected expression before ‘||’ token
  141 |         if (cadena[i] == ')' && *top_element != '(') || (cadena[i] == ']' && *top_element != '[') || (cadena[i] == '}' && *top_element != '{')
      |                                                      ^~
In file included from test.c:5:
exercises.c:151:1: error: control reaches end of non-void function [-Werror=return-type]
  151 | }
      | ^
cc1: all warnings being treated as errors
Compilation failed
1dcfb73
Fri 22 Mar 2024 07:12:51 PM UTC: 
 exercises.c | 15 ++++++++++-----
 1 file changed, 10 insertions(+), 5 deletions(-)
In file included from test.c:5:
exercises.c: In function ‘parentesisBalanceados’:
exercises.c:135:27: error: expected expression before ‘||’ token
  135 |     if (cadena[i] == '(') || (cadena[i] == '[') || (cadena[i] == '{'))
      |                           ^~
exercises.c:135:5: error: this ‘if’ clause does not guard... [-Werror=misleading-indentation]
  135 |     if (cadena[i] == '(') || (cadena[i] == '[') || (cadena[i] == '{'))
      |     ^~
exercises.c:135:70: note: ...this statement, but the latter is misleadingly indented as if it were guarded by the ‘if’
  135 |     if (cadena[i] == '(') || (cadena[i] == '[') || (cadena[i] == '{'))
      |                                                                      ^
exercises.c:135:70: error: expected statement before ‘)’ token
exercises.c:138:7: error: ‘else’ without a previous ‘if’
  138 |     } else if (cadena[i] == ')') || (cadena[i] == ']') || (cadena[i] == '}'))
      |       ^~~~
exercises.c:138:34: error: expected expression before ‘||’ token
  138 |     } else if (cadena[i] == ')') || (cadena[i] == ']') || (cadena[i] == '}'))
      |                                  ^~
exercises.c:138:77: error: expected statement before ‘)’ token
  138 |     } else if (cadena[i] == ')') || (cadena[i] == ']') || (cadena[i] == '}'))
      |                                                                             ^
exercises.c:145:52: error: expected expression before ‘||’ token
  145 |       if (cadena[i] == ')' && *top_element != '(') || (cadena[i] == ']' && *top_element != '[') || (cadena[i] == '}' && *top_element != '{')
      |                                                    ^~
In file included from test.c:5:
exercises.c:156:1: error: control reaches end of non-void function [-Werror=return-type]
  156 | }
      | ^
cc1: all warnings being treated as errors
Compilation failed
16e746b
Fri 22 Mar 2024 07:13:59 PM UTC: 
 exercises.c | 33 +++++++++++++++------------------
 1 file changed, 15 insertions(+), 18 deletions(-)
In file included from test.c:5:
exercises.c: In function ‘parentesisBalanceados’:
exercises.c:135:18: error: passing argument 1 of ‘push’ from incompatible pointer type [-Werror=incompatible-pointer-types]
  135 |             push(&pila, cadena[i]);
      |                  ^~~~~
      |                  |
      |                  Stack ** {aka List **}
In file included from exercises.c:7,
                 from test.c:5:
stack.h:11:18: note: expected ‘Stack *’ {aka ‘List *’} but argument is of type ‘Stack **’ {aka ‘List **’}
   11 | void push(Stack *stack, void *data) { pushFront(stack, data); }
      |           ~~~~~~~^~~~~
In file included from test.c:5:
exercises.c:135:31: error: passing argument 2 of ‘push’ makes pointer from integer without a cast [-Werror=int-conversion]
  135 |             push(&pila, cadena[i]);
      |                         ~~~~~~^~~
      |                               |
      |                               char
In file included from exercises.c:7,
                 from test.c:5:
stack.h:11:31: note: expected ‘void *’ but argument is of type ‘char’
   11 | void push(Stack *stack, void *data) { pushFront(stack, data); }
      |                         ~~~~~~^~~~
In file included from test.c:5:
exercises.c:137:17: error: implicit declaration of function ‘is_empty’ [-Werror=implicit-function-declaration]
  137 |             if (is_empty(pila)) {
      |                 ^~~~~~~~
exercises.c:140:36: error: passing argument 1 of ‘pop’ from incompatible pointer type [-Werror=incompatible-pointer-types]
  140 |             char top_element = pop(&pila);
      |                                    ^~~~~
      |                                    |
      |                                    Stack ** {aka List **}
In file included from exercises.c:7,
                 from test.c:5:
stack.h:17:18: note: expected ‘Stack *’ {aka ‘List *’} but argument is of type ‘Stack **’ {aka ‘List **’}
   17 | void *pop(Stack *stack) { return popFront(stack); }
      |           ~~~~~~~^~~~~
In file included from test.c:5:
exercises.c:140:32: error: initialization of ‘char’ from ‘void *’ makes integer from pointer without a cast [-Werror=int-conversion]
  140 |             char top_element = pop(&pila);
      |                                ^~~
cc1: all warnings being treated as errors
Compilation failed
144efed
Fri 22 Mar 2024 07:14:15 PM UTC: 
 exercises.c | 7 -------
 1 file changed, 7 deletions(-)
In file included from test.c:5:
exercises.c: In function ‘parentesisBalanceados’:
exercises.c:135:18: error: passing argument 1 of ‘push’ from incompatible pointer type [-Werror=incompatible-pointer-types]
  135 |             push(&pila, cadena[i]);
      |                  ^~~~~
      |                  |
      |                  Stack ** {aka List **}
In file included from exercises.c:7,
                 from test.c:5:
stack.h:11:18: note: expected ‘Stack *’ {aka ‘List *’} but argument is of type ‘Stack **’ {aka ‘List **’}
   11 | void push(Stack *stack, void *data) { pushFront(stack, data); }
      |           ~~~~~~~^~~~~
In file included from test.c:5:
exercises.c:135:31: error: passing argument 2 of ‘push’ makes pointer from integer without a cast [-Werror=int-conversion]
  135 |             push(&pila, cadena[i]);
      |                         ~~~~~~^~~
      |                               |
      |                               char
In file included from exercises.c:7,
                 from test.c:5:
stack.h:11:31: note: expected ‘void *’ but argument is of type ‘char’
   11 | void push(Stack *stack, void *data) { pushFront(stack, data); }
      |                         ~~~~~~^~~~
In file included from test.c:5:
exercises.c:137:17: error: implicit declaration of function ‘is_empty’ [-Werror=implicit-function-declaration]
  137 |             if (is_empty(pila)) {
      |                 ^~~~~~~~
exercises.c:140:36: error: passing argument 1 of ‘pop’ from incompatible pointer type [-Werror=incompatible-pointer-types]
  140 |             char top_element = pop(&pila);
      |                                    ^~~~~
      |                                    |
      |                                    Stack ** {aka List **}
In file included from exercises.c:7,
                 from test.c:5:
stack.h:17:18: note: expected ‘Stack *’ {aka ‘List *’} but argument is of type ‘Stack **’ {aka ‘List **’}
   17 | void *pop(Stack *stack) { return popFront(stack); }
      |           ~~~~~~~^~~~~
In file included from test.c:5:
exercises.c:140:32: error: initialization of ‘char’ from ‘void *’ makes integer from pointer without a cast [-Werror=int-conversion]
  140 |             char top_element = pop(&pila);
      |                                ^~~
In file included from test.c:5:
exercises.c:146:1: error: control reaches end of non-void function [-Werror=return-type]
  146 | }
      | ^
cc1: all warnings being treated as errors
Compilation failed
d64a8ad
Fri 22 Mar 2024 07:18:15 PM UTC: 
 exercises.c | 27 +++++++++++++++++++--------
 1 file changed, 19 insertions(+), 8 deletions(-)
In file included from test.c:5:
exercises.c: In function ‘parentesisBalanceados’:
exercises.c:158:1: error: control reaches end of non-void function [-Werror=return-type]
  158 | }
      | ^
cc1: all warnings being treated as errors
Compilation failed
92195c3
Sat 23 Mar 2024 12:18:27 PM UTC: 
 exercises.c | 9 +++++++++
 1 file changed, 9 insertions(+)
In file included from test.c:5:
exercises.c: In function ‘parentesisBalanceados’:
exercises.c:158:7: error: variable ‘balanceado’ set but not used [-Werror=unused-but-set-variable]
  158 |   int balanceado;
      |       ^~~~~~~~~~
exercises.c:167:1: error: control reaches end of non-void function [-Werror=return-type]
  167 | }
      | ^
cc1: all warnings being treated as errors
Compilation failed
7c45568
Sat 23 Mar 2024 12:30:00 PM UTC: 
 exercises.c | 56 ++++++++++++++++++++++++--------------------------------
 1 file changed, 24 insertions(+), 32 deletions(-)
 tests:  9|0
total_score: 70/70
1e535c7
Sat 23 Mar 2024 12:31:46 PM UTC: 
 exercises.c | 28 ++++++++++++++++------------
 1 file changed, 16 insertions(+), 12 deletions(-)
In file included from test.c:5:
exercises.c: In function ‘parentesisBalanceados’:
exercises.c:157:7: error: variable ‘balanceados’ set but not used [-Werror=unused-but-set-variable]
  157 |   int balanceados;
      |       ^~~~~~~~~~~
exercises.c:163:1: error: control reaches end of non-void function [-Werror=return-type]
  163 | }
      | ^
cc1: all warnings being treated as errors
Compilation failed
44a0002
Sat 23 Mar 2024 12:31:51 PM UTC: 
 exercises.c | 2 +-
 1 file changed, 1 insertion(+), 1 deletion(-)
In file included from test.c:6:
arraylist.c: In function ‘create_list’:
arraylist.c:15:34: error: invalid application of ‘sizeof’ to incomplete type ‘List’
   15 |   List* L = (List*)malloc(sizeof(List));
      |                                  ^~~~
arraylist.c:16:4: error: invalid use of incomplete typedef ‘List’
   16 |   L->current = 0;
      |    ^~
arraylist.c:17:4: error: invalid use of incomplete typedef ‘List’
   17 |   L->size = 0;
      |    ^~
arraylist.c: In function ‘first’:
arraylist.c:22:7: error: invalid use of incomplete typedef ‘List’
   22 |   if(L->size == 0) {
      |       ^~
arraylist.c:25:4: error: invalid use of incomplete typedef ‘List’
   25 |   L->current = 0;
      |    ^~
arraylist.c:26:11: error: invalid use of incomplete typedef ‘List’
   26 |   return L->data[L->current];
      |           ^~
arraylist.c:26:19: error: invalid use of incomplete typedef ‘List’
   26 |   return L->data[L->current];
      |                   ^~
arraylist.c: In function ‘next’:
arraylist.c:30:7: error: invalid use of incomplete typedef ‘List’
   30 |   if(L->current < L->size - 1) {
      |       ^~
arraylist.c:30:20: error: invalid use of incomplete typedef ‘List’
   30 |   if(L->current < L->size - 1) {
      |                    ^~
arraylist.c:31:6: error: invalid use of incomplete typedef ‘List’
   31 |     L->current++;
      |      ^~
arraylist.c:32:13: error: invalid use of incomplete typedef ‘List’
   32 |     return L->data[L->current];
      |             ^~
arraylist.c:32:21: error: invalid use of incomplete typedef ‘List’
   32 |     return L->data[L->current];
      |                     ^~
arraylist.c: In function ‘pushFront’:
arraylist.c:38:7: error: invalid use of incomplete typedef ‘List’
   38 |   if(L->size == 0) {
      |       ^~
arraylist.c:39:6: error: invalid use of incomplete typedef ‘List’
   39 |     L->data[0] = dato;
      |      ^~
arraylist.c:40:6: error: invalid use of incomplete typedef ‘List’
   40 |     L->size++;
      |      ^~
arraylist.c:43:16: error: invalid use of incomplete typedef ‘List’
   43 |   for(int i = L->size; i > 0; i--) {
      |                ^~
arraylist.c:44:6: error: invalid use of incomplete typedef ‘List’
   44 |     L->data[i] = L->data[i - 1];
      |      ^~
arraylist.c:44:19: error: invalid use of incomplete typedef ‘List’
   44 |     L->data[i] = L->data[i - 1];
      |                   ^~
arraylist.c:46:4: error: invalid use of incomplete typedef ‘List’
   46 |   L->data[0] = dato;
      |    ^~
arraylist.c:47:4: error: invalid use of incomplete typedef ‘List’
   47 |   L->size++;
      |    ^~
arraylist.c: In function ‘pushBack’:
arraylist.c:51:4: error: invalid use of incomplete typedef ‘List’
   51 |   L->data[L->size] = dato;
      |    ^~
arraylist.c:51:12: error: invalid use of incomplete typedef ‘List’
   51 |   L->data[L->size] = dato;
      |            ^~
arraylist.c:52:4: error: invalid use of incomplete typedef ‘List’
   52 |   L->size++;
      |    ^~
arraylist.c: In function ‘pushCurrent’:
arraylist.c:56:7: error: invalid use of incomplete typedef ‘List’
   56 |   if(L->size == 0) {
      |       ^~
arraylist.c:57:6: error: invalid use of incomplete typedef ‘List’
   57 |     L->data[0] = dato;
      |      ^~
arraylist.c:58:6: error: invalid use of incomplete typedef ‘List’
   58 |     L->size++;
      |      ^~
arraylist.c:61:16: error: invalid use of incomplete typedef ‘List’
   61 |   for(int i = L->size; i > L->current; i--) {
      |                ^~
arraylist.c:61:29: error: invalid use of incomplete typedef ‘List’
   61 |   for(int i = L->size; i > L->current; i--) {
      |                             ^~
arraylist.c:62:6: error: invalid use of incomplete typedef ‘List’
   62 |     L->data[i] = L->data[i - 1];
      |      ^~
arraylist.c:62:19: error: invalid use of incomplete typedef ‘List’
   62 |     L->data[i] = L->data[i - 1];
      |                   ^~
arraylist.c:64:4: error: invalid use of incomplete typedef ‘List’
   64 |   L->data[L->current + 1] = dato;
      |    ^~
arraylist.c:64:12: error: invalid use of incomplete typedef ‘List’
   64 |   L->data[L->current + 1] = dato;
      |            ^~
arraylist.c:65:4: error: invalid use of incomplete typedef ‘List’
   65 |   L->size++;
      |    ^~
arraylist.c: In function ‘popFront’:
arraylist.c:69:7: error: invalid use of incomplete typedef ‘List’
   69 |   if(L->size == 0) {
      |       ^~
arraylist.c:72:17: error: invalid use of incomplete typedef ‘List’
   72 |   void* dato = L->data[0];
      |                 ^~
arraylist.c:73:23: error: invalid use of incomplete typedef ‘List’
   73 |   for(int i = 0; i < L->size - 1; i++) {
      |                       ^~
arraylist.c:74:6: error: invalid use of incomplete typedef ‘List’
   74 |     L->data[i] = L->data[i + 1];
      |      ^~
arraylist.c:74:19: error: invalid use of incomplete typedef ‘List’
   74 |     L->data[i] = L->data[i + 1];
      |                   ^~
arraylist.c:76:4: error: invalid use of incomplete typedef ‘List’
   76 |   L->size--;
      |    ^~
arraylist.c: In function ‘popBack’:
arraylist.c:81:7: error: invalid use of incomplete typedef ‘List’
   81 |   if(L->size == 0) {
      |       ^~
arraylist.c:84:17: error: invalid use of incomplete typedef ‘List’
   84 |   void* dato = L->data[L->size - 1];
      |                 ^~
arraylist.c:84:25: error: invalid use of incomplete typedef ‘List’
   84 |   void* dato = L->data[L->size - 1];
      |                         ^~
arraylist.c:85:4: error: invalid use of incomplete typedef ‘List’
   85 |   L->size--;
      |    ^~
arraylist.c: In function ‘popCurrent’:
arraylist.c:90:7: error: invalid use of incomplete typedef ‘List’
   90 |   if(L->size == 0) {
      |       ^~
arraylist.c:93:17: error: invalid use of incomplete typedef ‘List’
   93 |   void* dato = L->data[L->current];
      |                 ^~
arraylist.c:93:25: error: invalid use of incomplete typedef ‘List’
   93 |   void* dato = L->data[L->current];
      |                         ^~
arraylist.c:94:16: error: invalid use of incomplete typedef ‘List’
   94 |   for(int i = L->current; i < L->size - 1; i++) {
      |                ^~
arraylist.c:94:32: error: invalid use of incomplete typedef ‘List’
   94 |   for(int i = L->current; i < L->size - 1; i++) {
      |                                ^~
arraylist.c:95:6: error: invalid use of incomplete typedef ‘List’
   95 |     L->data[i] = L->data[i + 1];
      |      ^~
arraylist.c:95:19: error: invalid use of incomplete typedef ‘List’
   95 |     L->data[i] = L->data[i + 1];
      |                   ^~
arraylist.c:97:4: error: invalid use of incomplete typedef ‘List’
   97 |   L->size--;
      |    ^~
arraylist.c:98:4: error: invalid use of incomplete typedef ‘List’
   98 |   L->current--;
      |    ^~
arraylist.c: In function ‘get_size’:
arraylist.c:103:11: error: invalid use of incomplete typedef ‘List’
  103 |   return L->size;
      |           ^~
test.c: In function ‘parentesisBalanceados’:
test.c:253:5: error: ‘main’ is normally a non-static function [-Werror=main]
  253 | int main( int argc, char *argv[] ) {
      |     ^~~~
test.c:271:1: error: expected declaration or statement at end of input
  271 | }
      | ^
In file included from test.c:5:
exercises.c:157:7: error: variable ‘balanceados’ set but not used [-Werror=unused-but-set-variable]
  157 |   int balanceados;
      |       ^~~~~~~~~~~
test.c:272: error: control reaches end of non-void function [-Werror=return-type]
In file included from test.c:6:
arraylist.c: In function ‘first’:
arraylist.c:27:1: error: control reaches end of non-void function [-Werror=return-type]
   27 | }
      | ^
At top level:
test.c:253:5: error: ‘main’ defined but not used [-Werror=unused-function]
  253 | int main( int argc, char *argv[] ) {
      |     ^~~~
test.c:37:6: error: ‘info_msg’ defined but not used [-Werror=unused-function]
   37 | void info_msg(char* msg){
      |      ^~~~~~~~
In file included from test.c:6:
arraylist.c:102:5: error: ‘get_size’ defined but not used [-Werror=unused-function]
  102 | int get_size(List *L) {
      |     ^~~~~~~~
arraylist.c:89:7: error: ‘popCurrent’ defined but not used [-Werror=unused-function]
   89 | void* popCurrent(List *L) {
      |       ^~~~~~~~~~
arraylist.c:80:7: error: ‘popBack’ defined but not used [-Werror=unused-function]
   80 | void* popBack(List *L) {
      |       ^~~~~~~
arraylist.c:68:7: error: ‘popFront’ defined but not used [-Werror=unused-function]
   68 | void* popFront(List *L) {
      |       ^~~~~~~~
arraylist.c:55:6: error: ‘pushCurrent’ defined but not used [-Werror=unused-function]
   55 | void pushCurrent(List *L, void *dato) {
      |      ^~~~~~~~~~~
arraylist.c:37:6: error: ‘pushFront’ defined but not used [-Werror=unused-function]
   37 | void pushFront(List *L, void *dato) {
      |      ^~~~~~~~~
cc1: all warnings being treated as errors
Compilation failed
1ba082f
Sat 23 Mar 2024 12:32:09 PM UTC: 
 exercises.c | 2 +-
 1 file changed, 1 insertion(+), 1 deletion(-)
In file included from test.c:6:
arraylist.c: In function ‘create_list’:
arraylist.c:15:34: error: invalid application of ‘sizeof’ to incomplete type ‘List’
   15 |   List* L = (List*)malloc(sizeof(List));
      |                                  ^~~~
arraylist.c:16:4: error: invalid use of incomplete typedef ‘List’
   16 |   L->current = 0;
      |    ^~
arraylist.c:17:4: error: invalid use of incomplete typedef ‘List’
   17 |   L->size = 0;
      |    ^~
arraylist.c: In function ‘first’:
arraylist.c:22:7: error: invalid use of incomplete typedef ‘List’
   22 |   if(L->size == 0) {
      |       ^~
arraylist.c:25:4: error: invalid use of incomplete typedef ‘List’
   25 |   L->current = 0;
      |    ^~
arraylist.c:26:11: error: invalid use of incomplete typedef ‘List’
   26 |   return L->data[L->current];
      |           ^~
arraylist.c:26:19: error: invalid use of incomplete typedef ‘List’
   26 |   return L->data[L->current];
      |                   ^~
arraylist.c: In function ‘next’:
arraylist.c:30:7: error: invalid use of incomplete typedef ‘List’
   30 |   if(L->current < L->size - 1) {
      |       ^~
arraylist.c:30:20: error: invalid use of incomplete typedef ‘List’
   30 |   if(L->current < L->size - 1) {
      |                    ^~
arraylist.c:31:6: error: invalid use of incomplete typedef ‘List’
   31 |     L->current++;
      |      ^~
arraylist.c:32:13: error: invalid use of incomplete typedef ‘List’
   32 |     return L->data[L->current];
      |             ^~
arraylist.c:32:21: error: invalid use of incomplete typedef ‘List’
   32 |     return L->data[L->current];
      |                     ^~
arraylist.c: In function ‘pushFront’:
arraylist.c:38:7: error: invalid use of incomplete typedef ‘List’
   38 |   if(L->size == 0) {
      |       ^~
arraylist.c:39:6: error: invalid use of incomplete typedef ‘List’
   39 |     L->data[0] = dato;
      |      ^~
arraylist.c:40:6: error: invalid use of incomplete typedef ‘List’
   40 |     L->size++;
      |      ^~
arraylist.c:43:16: error: invalid use of incomplete typedef ‘List’
   43 |   for(int i = L->size; i > 0; i--) {
      |                ^~
arraylist.c:44:6: error: invalid use of incomplete typedef ‘List’
   44 |     L->data[i] = L->data[i - 1];
      |      ^~
arraylist.c:44:19: error: invalid use of incomplete typedef ‘List’
   44 |     L->data[i] = L->data[i - 1];
      |                   ^~
arraylist.c:46:4: error: invalid use of incomplete typedef ‘List’
   46 |   L->data[0] = dato;
      |    ^~
arraylist.c:47:4: error: invalid use of incomplete typedef ‘List’
   47 |   L->size++;
      |    ^~
arraylist.c: In function ‘pushBack’:
arraylist.c:51:4: error: invalid use of incomplete typedef ‘List’
   51 |   L->data[L->size] = dato;
      |    ^~
arraylist.c:51:12: error: invalid use of incomplete typedef ‘List’
   51 |   L->data[L->size] = dato;
      |            ^~
arraylist.c:52:4: error: invalid use of incomplete typedef ‘List’
   52 |   L->size++;
      |    ^~
arraylist.c: In function ‘pushCurrent’:
arraylist.c:56:7: error: invalid use of incomplete typedef ‘List’
   56 |   if(L->size == 0) {
      |       ^~
arraylist.c:57:6: error: invalid use of incomplete typedef ‘List’
   57 |     L->data[0] = dato;
      |      ^~
arraylist.c:58:6: error: invalid use of incomplete typedef ‘List’
   58 |     L->size++;
      |      ^~
arraylist.c:61:16: error: invalid use of incomplete typedef ‘List’
   61 |   for(int i = L->size; i > L->current; i--) {
      |                ^~
arraylist.c:61:29: error: invalid use of incomplete typedef ‘List’
   61 |   for(int i = L->size; i > L->current; i--) {
      |                             ^~
arraylist.c:62:6: error: invalid use of incomplete typedef ‘List’
   62 |     L->data[i] = L->data[i - 1];
      |      ^~
arraylist.c:62:19: error: invalid use of incomplete typedef ‘List’
   62 |     L->data[i] = L->data[i - 1];
      |                   ^~
arraylist.c:64:4: error: invalid use of incomplete typedef ‘List’
   64 |   L->data[L->current + 1] = dato;
      |    ^~
arraylist.c:64:12: error: invalid use of incomplete typedef ‘List’
   64 |   L->data[L->current + 1] = dato;
      |            ^~
arraylist.c:65:4: error: invalid use of incomplete typedef ‘List’
   65 |   L->size++;
      |    ^~
arraylist.c: In function ‘popFront’:
arraylist.c:69:7: error: invalid use of incomplete typedef ‘List’
   69 |   if(L->size == 0) {
      |       ^~
arraylist.c:72:17: error: invalid use of incomplete typedef ‘List’
   72 |   void* dato = L->data[0];
      |                 ^~
arraylist.c:73:23: error: invalid use of incomplete typedef ‘List’
   73 |   for(int i = 0; i < L->size - 1; i++) {
      |                       ^~
arraylist.c:74:6: error: invalid use of incomplete typedef ‘List’
   74 |     L->data[i] = L->data[i + 1];
      |      ^~
arraylist.c:74:19: error: invalid use of incomplete typedef ‘List’
   74 |     L->data[i] = L->data[i + 1];
      |                   ^~
arraylist.c:76:4: error: invalid use of incomplete typedef ‘List’
   76 |   L->size--;
      |    ^~
arraylist.c: In function ‘popBack’:
arraylist.c:81:7: error: invalid use of incomplete typedef ‘List’
   81 |   if(L->size == 0) {
      |       ^~
arraylist.c:84:17: error: invalid use of incomplete typedef ‘List’
   84 |   void* dato = L->data[L->size - 1];
      |                 ^~
arraylist.c:84:25: error: invalid use of incomplete typedef ‘List’
   84 |   void* dato = L->data[L->size - 1];
      |                         ^~
arraylist.c:85:4: error: invalid use of incomplete typedef ‘List’
   85 |   L->size--;
      |    ^~
arraylist.c: In function ‘popCurrent’:
arraylist.c:90:7: error: invalid use of incomplete typedef ‘List’
   90 |   if(L->size == 0) {
      |       ^~
arraylist.c:93:17: error: invalid use of incomplete typedef ‘List’
   93 |   void* dato = L->data[L->current];
      |                 ^~
arraylist.c:93:25: error: invalid use of incomplete typedef ‘List’
   93 |   void* dato = L->data[L->current];
      |                         ^~
arraylist.c:94:16: error: invalid use of incomplete typedef ‘List’
   94 |   for(int i = L->current; i < L->size - 1; i++) {
      |                ^~
arraylist.c:94:32: error: invalid use of incomplete typedef ‘List’
   94 |   for(int i = L->current; i < L->size - 1; i++) {
      |                                ^~
arraylist.c:95:6: error: invalid use of incomplete typedef ‘List’
   95 |     L->data[i] = L->data[i + 1];
      |      ^~
arraylist.c:95:19: error: invalid use of incomplete typedef ‘List’
   95 |     L->data[i] = L->data[i + 1];
      |                   ^~
arraylist.c:97:4: error: invalid use of incomplete typedef ‘List’
   97 |   L->size--;
      |    ^~
arraylist.c:98:4: error: invalid use of incomplete typedef ‘List’
   98 |   L->current--;
      |    ^~
arraylist.c: In function ‘get_size’:
arraylist.c:103:11: error: invalid use of incomplete typedef ‘List’
  103 |   return L->size;
      |           ^~
test.c: In function ‘parentesisBalanceados’:
test.c:253:5: error: ‘main’ is normally a non-static function [-Werror=main]
  253 | int main( int argc, char *argv[] ) {
      |     ^~~~
test.c:271:1: error: expected declaration or statement at end of input
  271 | }
      | ^
In file included from test.c:6:
arraylist.c: In function ‘first’:
arraylist.c:27:1: error: control reaches end of non-void function [-Werror=return-type]
   27 | }
      | ^
At top level:
test.c:253:5: error: ‘main’ defined but not used [-Werror=unused-function]
  253 | int main( int argc, char *argv[] ) {
      |     ^~~~
test.c:37:6: error: ‘info_msg’ defined but not used [-Werror=unused-function]
   37 | void info_msg(char* msg){
      |      ^~~~~~~~
In file included from test.c:6:
arraylist.c:102:5: error: ‘get_size’ defined but not used [-Werror=unused-function]
  102 | int get_size(List *L) {
      |     ^~~~~~~~
arraylist.c:89:7: error: ‘popCurrent’ defined but not used [-Werror=unused-function]
   89 | void* popCurrent(List *L) {
      |       ^~~~~~~~~~
arraylist.c:80:7: error: ‘popBack’ defined but not used [-Werror=unused-function]
   80 | void* popBack(List *L) {
      |       ^~~~~~~
arraylist.c:68:7: error: ‘popFront’ defined but not used [-Werror=unused-function]
   68 | void* popFront(List *L) {
      |       ^~~~~~~~
arraylist.c:55:6: error: ‘pushCurrent’ defined but not used [-Werror=unused-function]
   55 | void pushCurrent(List *L, void *dato) {
      |      ^~~~~~~~~~~
arraylist.c:37:6: error: ‘pushFront’ defined but not used [-Werror=unused-function]
   37 | void pushFront(List *L, void *dato) {
      |      ^~~~~~~~~
cc1: all warnings being treated as errors
Compilation failed
bbeaf45
